#
# There is insufficient memory for the Java Runtime Environment to continue.
# Native memory allocation (malloc) failed to allocate 1130096 bytes for Chunk::new
# Possible reasons:
#   The system is out of physical RAM or swap space
#   In 32 bit mode, the process size limit was hit
# Possible solutions:
#   Reduce memory load on the system
#   Increase physical memory or swap space
#   Check if swap backing store is full
#   Use 64 bit Java on a 64 bit OS
#   Decrease Java heap size (-Xmx/-Xms)
#   Decrease number of Java threads
#   Decrease Java thread stack sizes (-Xss)
#   Set larger code cache with -XX:ReservedCodeCacheSize=
# This output file may be truncated or incomplete.
#
#  Out of Memory Error (allocation.cpp:390), pid=5164, tid=0x0000000000002ac8
#
# JRE version: OpenJDK Runtime Environment (8.0_152-b01) (build 1.8.0_152-release-915-b01)
# Java VM: OpenJDK 64-Bit Server VM (25.152-b01 mixed mode windows-amd64 compressed oops)
# Failed to write core dump. Minidumps are not enabled by default on client versions of Windows
#

---------------  T H R E A D  ---------------

Current thread (0x0000000018b88800):  JavaThread "C2 CompilerThread0" daemon [_thread_in_native, id=10952, stack(0x000000001a2c0000,0x000000001a3c0000)]

Stack: [0x000000001a2c0000,0x000000001a3c0000]
[error occurred during error reporting (printing stack bounds), id 0xc0000005]

Native frames: (J=compiled Java code, j=interpreted, Vv=VM code, C=native code)


Current CompileTask:
C2:4468421 17051       4       org.gradle.api.internal.file.collections.DefaultFileCollectionResolveContext::doResolve (356 bytes)


---------------  P R O C E S S  ---------------

Java Threads: ( => current thread )
  0x000000001e362800 JavaThread "Cache worker for Java compile cache (D:\NAUFALABIDIN_1202154141_Studycase5\.gradle\4.1\javaCompile)" [_thread_blocked, id=4144, stack(0x0000000047640000,0x0000000047740000)]
  0x000000001e361000 JavaThread "Task worker for ':' Thread 3" [_thread_blocked, id=10252, stack(0x0000000046840000,0x0000000046940000)]
  0x000000001e35e800 JavaThread "Task worker for ':' Thread 2" [_thread_blocked, id=6204, stack(0x0000000046740000,0x0000000046840000)]
  0x000000001e360000 JavaThread "Task worker for ':'" [_thread_blocked, id=5520, stack(0x0000000046640000,0x0000000046740000)]
  0x000000001e35b800 JavaThread "Cache worker for task history cache (D:\NAUFALABIDIN_1202154141_Studycase5\.gradle\4.1\taskHistory)" [_thread_blocked, id=716, stack(0x0000000046540000,0x0000000046640000)]
  0x000000001e35b000 JavaThread "Cache worker for file content cache (D:\NAUFALABIDIN_1202154141_Studycase5\.gradle\4.1\fileContent)" [_thread_blocked, id=7252, stack(0x0000000046440000,0x0000000046540000)]
  0x000000001e35d000 JavaThread "build operations Thread 4" [_thread_blocked, id=10040, stack(0x0000000046340000,0x0000000046440000)]
  0x000000001e35c800 JavaThread "build operations Thread 3" [_thread_blocked, id=4932, stack(0x0000000046240000,0x0000000046340000)]
  0x000000001f51e800 JavaThread "build operations Thread 2" [_thread_blocked, id=1576, stack(0x0000000046140000,0x0000000046240000)]
  0x000000001f51d000 JavaThread "build operations" [_thread_blocked, id=6292, stack(0x0000000046040000,0x0000000046140000)]
  0x000000001f51b000 JavaThread "Cache worker for Artifact transforms cache (C:\Users\Asus\.gradle\caches\transforms-1)" [_thread_blocked, id=6304, stack(0x0000000045f40000,0x0000000046040000)]
  0x000000001f512800 JavaThread "Cache worker for file hash cache (D:\NAUFALABIDIN_1202154141_Studycase5\.gradle\4.1\fileHashes)" [_thread_blocked, id=5428, stack(0x0000000045e40000,0x0000000045f40000)]
  0x000000001f518800 JavaThread "Asynchronous log dispatcher for DefaultDaemonConnection: socket connection from /127.0.0.1:50939 to /127.0.0.1:51303" [_thread_blocked, id=9564, stack(0x0000000045c40000,0x0000000045d40000)]
  0x000000001f511000 JavaThread "Daemon worker Thread 9" [_thread_in_Java, id=7116, stack(0x0000000045b40000,0x0000000045c40000)]
  0x000000001f517000 JavaThread "Cancel handler" [_thread_blocked, id=5184, stack(0x0000000045a40000,0x0000000045b40000)]
  0x000000001f515000 JavaThread "Handler for socket connection from /127.0.0.1:50939 to /127.0.0.1:51303" [_thread_in_native, id=11208, stack(0x0000000045940000,0x0000000045a40000)]
  0x000000001f514000 JavaThread "Daemon Thread 9" [_thread_blocked, id=2356, stack(0x0000000045840000,0x0000000045940000)]
  0x000000001edc3800 JavaThread "Memory manager" [_thread_blocked, id=9272, stack(0x0000000023630000,0x0000000023730000)]
  0x000000001c162800 JavaThread "File lock request listener" [_thread_in_native, id=10892, stack(0x000000001d510000,0x000000001d610000)]
  0x000000001bddd000 JavaThread "Cache worker for file hash cache (C:\Users\Asus\.gradle\caches\4.1\fileHashes)" [_thread_blocked, id=3908, stack(0x000000001d410000,0x000000001d510000)]
  0x000000001b74a000 JavaThread "Daemon periodic checks" [_thread_blocked, id=7948, stack(0x000000001cb10000,0x000000001cc10000)]
  0x000000001b3bc000 JavaThread "Incoming local TCP Connector on port 50939" [_thread_in_native, id=9432, stack(0x000000001c8d0000,0x000000001c9d0000)]
  0x0000000018bd9800 JavaThread "Service Thread" daemon [_thread_blocked, id=1364, stack(0x000000001a9c0000,0x000000001aac0000)]
  0x0000000018b84000 JavaThread "C1 CompilerThread2" daemon [_thread_blocked, id=1908, stack(0x000000001a4c0000,0x000000001a5c0000)]
  0x0000000018b7f800 JavaThread "C2 CompilerThread1" daemon [_thread_blocked, id=8748, stack(0x000000001a3c0000,0x000000001a4c0000)]
=>0x0000000018b88800 JavaThread "C2 CompilerThread0" daemon [_thread_in_native, id=10952, stack(0x000000001a2c0000,0x000000001a3c0000)]
  0x0000000018b87000 JavaThread "Attach Listener" daemon [_thread_blocked, id=10960, stack(0x000000001a1c0000,0x000000001a2c0000)]
  0x0000000018b85800 JavaThread "Signal Dispatcher" daemon [_thread_blocked, id=10920, stack(0x000000001a0c0000,0x000000001a1c0000)]
  0x000000000520d000 JavaThread "Finalizer" daemon [_thread_blocked, id=11172, stack(0x0000000019dd0000,0x0000000019ed0000)]
  0x0000000005201000 JavaThread "Reference Handler" daemon [_thread_blocked, id=9164, stack(0x0000000019cd0000,0x0000000019dd0000)]
  0x000000000500d800 JavaThread "main" [_thread_blocked, id=8740, stack(0x0000000005010000,0x0000000005110000)]

Other Threads:
  0x0000000018b45800 VMThread [stack: 0x0000000019bd0000,0x0000000019cd0000] [id=4464]
  0x000000001a5e8800 WatcherThread [stack: 0x000000001aac0000,0x000000001abc0000] [id=8956]

VM state:not at safepoint (normal execution)

VM Mutex/Monitor currently owned by a thread: None

Heap:
 PSYoungGen      total 266240K, used 225566K [0x00000000e0000000, 0x00000000f4280000, 0x0000000100000000)
  eden space 236544K, 82% used [0x00000000e0000000,0x00000000ebf4aab8,0x00000000ee700000)
  from space 29696K, 99% used [0x00000000f2580000,0x00000000f427cf58,0x00000000f4280000)
  to   space 33792K, 0% used [0x00000000f0080000,0x00000000f0080000,0x00000000f2180000)
 ParOldGen       total 98304K, used 67137K [0x00000000a0000000, 0x00000000a6000000, 0x00000000e0000000)
  object space 98304K, 68% used [0x00000000a0000000,0x00000000a41906d0,0x00000000a6000000)
 Metaspace       used 75416K, capacity 81466K, committed 81624K, reserved 1120256K
  class space    used 9801K, capacity 11184K, committed 11264K, reserved 1048576K

Card table byte_map: [0x00000000145d0000,0x00000000148e0000] byte_map_base: 0x00000000140d0000

Marking Bits: (ParMarkBitMap*) 0x0000000076683950
 Begin Bits: [0x0000000014ee0000, 0x00000000166e0000)
 End Bits:   [0x00000000166e0000, 0x0000000017ee0000)

Polling page: 0x0000000000ff0000

CodeCache: size=245760Kb used=47932Kb max_used=47992Kb free=197828Kb
 bounds [0x0000000005210000, 0x0000000008140000, 0x0000000014210000]
 total_blobs=14177 nmethods=13348 adapters=740
 compilation: enabled

Compilation events (10 events):
Event: 4447.238 Thread 0x0000000018b84000 nmethod 17048 0x000000000598ff90 code [0x0000000005990100, 0x0000000005990428]
Event: 4447.841 Thread 0x0000000018b84000 17049   !   3       java.util.concurrent.ArrayBlockingQueue::take (46 bytes)
Event: 4447.844 Thread 0x0000000018b84000 nmethod 17049 0x0000000005b9ca90 code [0x0000000005b9cca0, 0x0000000005b9d798]
Event: 4449.514 Thread 0x0000000018b84000 17050       3       org.gradle.api.internal.changedetection.state.TaskFilePropertySnapshotNormalizationStrategy$3::getNormalizedSnapshot (53 bytes)
Event: 4449.536 Thread 0x0000000018b84000 nmethod 17050 0x00000000066bd150 code [0x00000000066bd320, 0x00000000066bda58]
Event: 4464.823 Thread 0x0000000018b88800 17051       4       org.gradle.api.internal.file.collections.DefaultFileCollectionResolveContext::doResolve (356 bytes)
Event: 4464.884 Thread 0x0000000018b7f800 17052       4       org.gradle.api.internal.file.collections.jdk7.Jdk7DirectoryWalker$1::preVisitDirectory (80 bytes)
Event: 4465.335 Thread 0x0000000018b7f800 nmethod 17052 0x000000000547bbd0 code [0x000000000547bdc0, 0x000000000547c7b0]
Event: 4465.727 Thread 0x0000000018b84000 17053       3       com.google.common.base.Joiner::toString (24 bytes)
Event: 4465.728 Thread 0x0000000018b84000 nmethod 17053 0x0000000005b9b110 code [0x0000000005b9b2c0, 0x0000000005b9b898]

GC Heap History (10 events):
Event: 2706.434 GC heap before
{Heap before GC invocations=25 (full 3):
 PSYoungGen      total 233984K, used 233615K [0x00000000e0000000, 0x00000000f1480000, 0x0000000100000000)
  eden space 217600K, 100% used [0x00000000e0000000,0x00000000ed480000,0x00000000ed480000)
  from space 16384K, 97% used [0x00000000ef800000,0x00000000f07a3e20,0x00000000f0800000)
  to   space 12800K, 0% used [0x00000000f0800000,0x00000000f0800000,0x00000000f1480000)
 ParOldGen       total 98304K, used 53286K [0x00000000a0000000, 0x00000000a6000000, 0x00000000e0000000)
  object space 98304K, 54% used [0x00000000a0000000,0x00000000a3409b80,0x00000000a6000000)
 Metaspace       used 73518K, capacity 78258K, committed 78552K, reserved 1118208K
  class space    used 9531K, capacity 10656K, committed 10752K, reserved 1048576K
Event: 2706.719 GC heap after
Heap after GC invocations=25 (full 3):
 PSYoungGen      total 221696K, used 12768K [0x00000000e0000000, 0x00000000f1480000, 0x0000000100000000)
  eden space 208896K, 0% used [0x00000000e0000000,0x00000000e0000000,0x00000000ecc00000)
  from space 12800K, 99% used [0x00000000f0800000,0x00000000f1478090,0x00000000f1480000)
  to   space 27648K, 0% used [0x00000000ede80000,0x00000000ede80000,0x00000000ef980000)
 ParOldGen       total 98304K, used 64665K [0x00000000a0000000, 0x00000000a6000000, 0x00000000e0000000)
  object space 98304K, 65% used [0x00000000a0000000,0x00000000a3f26590,0x00000000a6000000)
 Metaspace       used 73518K, capacity 78258K, committed 78552K, reserved 1118208K
  class space    used 9531K, capacity 10656K, committed 10752K, reserved 1048576K
}
Event: 2734.082 GC heap before
{Heap before GC invocations=26 (full 3):
 PSYoungGen      total 221696K, used 221664K [0x00000000e0000000, 0x00000000f1480000, 0x0000000100000000)
  eden space 208896K, 100% used [0x00000000e0000000,0x00000000ecc00000,0x00000000ecc00000)
  from space 12800K, 99% used [0x00000000f0800000,0x00000000f1478090,0x00000000f1480000)
  to   space 27648K, 0% used [0x00000000ede80000,0x00000000ede80000,0x00000000ef980000)
 ParOldGen       total 98304K, used 64665K [0x00000000a0000000, 0x00000000a6000000, 0x00000000e0000000)
  object space 98304K, 65% used [0x00000000a0000000,0x00000000a3f26590,0x00000000a6000000)
 Metaspace       used 73609K, capacity 78422K, committed 78552K, reserved 1118208K
  class space    used 9533K, capacity 10660K, committed 10752K, reserved 1048576K
Event: 2735.576 GC heap after
Heap after GC invocations=26 (full 3):
 PSYoungGen      total 255488K, used 19168K [0x00000000e0000000, 0x00000000f2800000, 0x0000000100000000)
  eden space 227840K, 0% used [0x00000000e0000000,0x00000000e0000000,0x00000000ede80000)
  from space 27648K, 69% used [0x00000000ede80000,0x00000000ef138328,0x00000000ef980000)
  to   space 28672K, 0% used [0x00000000f0c00000,0x00000000f0c00000,0x00000000f2800000)
 ParOldGen       total 98304K, used 66625K [0x00000000a0000000, 0x00000000a6000000, 0x00000000e0000000)
  object space 98304K, 67% used [0x00000000a0000000,0x00000000a4110690,0x00000000a6000000)
 Metaspace       used 73609K, capacity 78422K, committed 78552K, reserved 1118208K
  class space    used 9533K, capacity 10660K, committed 10752K, reserved 1048576K
}
Event: 3036.082 GC heap before
{Heap before GC invocations=27 (full 3):
 PSYoungGen      total 255488K, used 247008K [0x00000000e0000000, 0x00000000f2800000, 0x0000000100000000)
  eden space 227840K, 100% used [0x00000000e0000000,0x00000000ede80000,0x00000000ede80000)
  from space 27648K, 69% used [0x00000000ede80000,0x00000000ef138328,0x00000000ef980000)
  to   space 28672K, 0% used [0x00000000f0c00000,0x00000000f0c00000,0x00000000f2800000)
 ParOldGen       total 98304K, used 66625K [0x00000000a0000000, 0x00000000a6000000, 0x00000000e0000000)
  object space 98304K, 67% used [0x00000000a0000000,0x00000000a4110690,0x00000000a6000000)
 Metaspace       used 73950K, capacity 79034K, committed 79192K, reserved 1118208K
  class space    used 9566K, capacity 10758K, committed 10880K, reserved 1048576K
Event: 3036.674 GC heap after
Heap after GC invocations=27 (full 3):
 PSYoungGen      total 274944K, used 15777K [0x00000000e0000000, 0x00000000f3700000, 0x0000000100000000)
  eden space 246272K, 0% used [0x00000000e0000000,0x00000000e0000000,0x00000000ef080000)
  from space 28672K, 55% used [0x00000000f0c00000,0x00000000f1b68720,0x00000000f2800000)
  to   space 28160K, 0% used [0x00000000ef080000,0x00000000ef080000,0x00000000f0c00000)
 ParOldGen       total 98304K, used 66633K [0x00000000a0000000, 0x00000000a6000000, 0x00000000e0000000)
  object space 98304K, 67% used [0x00000000a0000000,0x00000000a4112690,0x00000000a6000000)
 Metaspace       used 73950K, capacity 79034K, committed 79192K, reserved 1118208K
  class space    used 9566K, capacity 10758K, committed 10880K, reserved 1048576K
}
Event: 3955.910 GC heap before
{Heap before GC invocations=28 (full 3):
 PSYoungGen      total 274944K, used 262049K [0x00000000e0000000, 0x00000000f3700000, 0x0000000100000000)
  eden space 246272K, 100% used [0x00000000e0000000,0x00000000ef080000,0x00000000ef080000)
  from space 28672K, 55% used [0x00000000f0c00000,0x00000000f1b68720,0x00000000f2800000)
  to   space 28160K, 0% used [0x00000000ef080000,0x00000000ef080000,0x00000000f0c00000)
 ParOldGen       total 98304K, used 66633K [0x00000000a0000000, 0x00000000a6000000, 0x00000000e0000000)
  object space 98304K, 67% used [0x00000000a0000000,0x00000000a4112690,0x00000000a6000000)
 Metaspace       used 74309K, capacity 79722K, committed 79960K, reserved 1118208K
  class space    used 9618K, capacity 10880K, committed 10880K, reserved 1048576K
Event: 3959.055 GC heap after
Heap after GC invocations=28 (full 3):
 PSYoungGen      total 274432K, used 20427K [0x00000000e0000000, 0x00000000f4280000, 0x0000000100000000)
  eden space 246272K, 0% used [0x00000000e0000000,0x00000000e0000000,0x00000000ef080000)
  from space 28160K, 72% used [0x00000000ef080000,0x00000000f0472dc8,0x00000000f0c00000)
  to   space 29696K, 0% used [0x00000000f2580000,0x00000000f2580000,0x00000000f4280000)
 ParOldGen       total 98304K, used 66633K [0x00000000a0000000, 0x00000000a6000000, 0x00000000e0000000)
  object space 98304K, 67% used [0x00000000a0000000,0x00000000a4112690,0x00000000a6000000)
 Metaspace       used 74309K, capacity 79722K, committed 79960K, reserved 1118208K
  class space    used 9618K, capacity 10880K, committed 10880K, reserved 1048576K
}
Event: 4043.680 GC heap before
{Heap before GC invocations=29 (full 3):
 PSYoungGen      total 274432K, used 266699K [0x00000000e0000000, 0x00000000f4280000, 0x0000000100000000)
  eden space 246272K, 100% used [0x00000000e0000000,0x00000000ef080000,0x00000000ef080000)
  from space 28160K, 72% used [0x00000000ef080000,0x00000000f0472dc8,0x00000000f0c00000)
  to   space 29696K, 0% used [0x00000000f2580000,0x00000000f2580000,0x00000000f4280000)
 ParOldGen       total 98304K, used 66633K [0x00000000a0000000, 0x00000000a6000000, 0x00000000e0000000)
  object space 98304K, 67% used [0x00000000a0000000,0x00000000a4112690,0x00000000a6000000)
 Metaspace       used 74583K, capacity 80368K, committed 80600K, reserved 1118208K
  class space    used 9671K, capacity 10977K, committed 11008K, reserved 1048576K
Event: 4043.795 GC heap after
Heap after GC invocations=29 (full 3):
 PSYoungGen      total 266240K, used 29683K [0x00000000e0000000, 0x00000000f4280000, 0x0000000100000000)
  eden space 236544K, 0% used [0x00000000e0000000,0x00000000e0000000,0x00000000ee700000)
  from space 29696K, 99% used [0x00000000f2580000,0x00000000f427cf58,0x00000000f4280000)
  to   space 33792K, 0% used [0x00000000f0080000,0x00000000f0080000,0x00000000f2180000)
 ParOldGen       total 98304K, used 67137K [0x00000000a0000000, 0x00000000a6000000, 0x00000000e0000000)
  object space 98304K, 68% used [0x00000000a0000000,0x00000000a41906d0,0x00000000a6000000)
 Metaspace       used 74583K, capacity 80368K, committed 80600K, reserved 1118208K
  class space    used 9671K, capacity 10977K, committed 11008K, reserved 1048576K
}

Deoptimization events (10 events):
Event: 4446.071 Thread 0x000000001f511000 Uncommon trap: reason=class_check action=maybe_recompile pc=0x00000000054591cc method=org.gradle.api.internal.file.collections.jdk7.Jdk7DirectoryWalker.isAllowed(Lorg/gradle/api/file/FileTreeElement;Lorg/gradle/api/specs/Spec;)Z @ 2
Event: 4446.089 Thread 0x000000001f511000 Uncommon trap: reason=unstable_if action=reinterpret pc=0x000000000603b898 method=org.gradle.api.internal.file.pattern.PatternMatcherFactory$PathMatcherBackedSpec.isSatisfiedBy(Lorg/gradle/api/file/RelativePath;)Z @ 11
Event: 4446.099 Thread 0x000000001f511000 Uncommon trap: reason=class_check action=maybe_recompile pc=0x00000000054591cc method=org.gradle.api.internal.file.collections.jdk7.Jdk7DirectoryWalker.isAllowed(Lorg/gradle/api/file/FileTreeElement;Lorg/gradle/api/specs/Spec;)Z @ 2
Event: 4446.159 Thread 0x000000001f511000 Uncommon trap: reason=class_check action=maybe_recompile pc=0x00000000054591cc method=org.gradle.api.internal.file.collections.jdk7.Jdk7DirectoryWalker.isAllowed(Lorg/gradle/api/file/FileTreeElement;Lorg/gradle/api/specs/Spec;)Z @ 2
Event: 4446.159 Thread 0x000000001f511000 Uncommon trap: reason=class_check action=maybe_recompile pc=0x00000000064e3554 method=org.gradle.api.internal.file.collections.jdk7.Jdk7DirectoryWalker.isAllowed(Lorg/gradle/api/file/FileTreeElement;Lorg/gradle/api/specs/Spec;)Z @ 2
Event: 4446.160 Thread 0x000000001f511000 Uncommon trap: reason=unstable_if action=reinterpret pc=0x000000000603b224 method=org.gradle.api.internal.file.pattern.FixedStepPathMatcher.matches([Ljava/lang/String;I)Z @ 35
Event: 4447.005 Thread 0x000000001f511000 Uncommon trap: reason=class_check action=maybe_recompile pc=0x000000000803abd4 method=org.gradle.api.internal.file.collections.DefaultFileCollectionResolveContext.doResolve(Lorg/gradle/api/internal/file/collections/DefaultFileCollectionResolveContext$Conv
Event: 4447.005 Thread 0x000000001f511000 Uncommon trap: reason=class_check action=maybe_recompile pc=0x000000000803abd4 method=org.gradle.api.internal.file.collections.DefaultFileCollectionResolveContext.doResolve(Lorg/gradle/api/internal/file/collections/DefaultFileCollectionResolveContext$Conv
Event: 4447.007 Thread 0x000000001f511000 Uncommon trap: reason=class_check action=maybe_recompile pc=0x00000000054591cc method=org.gradle.api.internal.file.collections.jdk7.Jdk7DirectoryWalker.isAllowed(Lorg/gradle/api/file/FileTreeElement;Lorg/gradle/api/specs/Spec;)Z @ 2
Event: 4447.636 Thread 0x000000001f511000 Uncommon trap: reason=unstable_if action=reinterpret pc=0x00000000067f7224 method=org.gradle.api.internal.file.pattern.FixedStepPathMatcher.matches([Ljava/lang/String;I)Z @ 35

Classes redefined (0 events):
No events

Internal exceptions (10 events):
Event: 4060.449 Thread 0x000000001e35f800 Exception <a 'sun/nio/fs/WindowsException'> (0x00000000e3e180a0) thrown at [D:\src\AOSP-openjdk-cygwin\jdk8u\hotspot\src\share\vm\prims\jni.cpp, line 709]
Event: 4060.449 Thread 0x000000001e35f800 Exception <a 'sun/nio/fs/WindowsException'> (0x00000000e3e18948) thrown at [D:\src\AOSP-openjdk-cygwin\jdk8u\hotspot\src\share\vm\prims\jni.cpp, line 709]
Event: 4060.449 Thread 0x000000001e35f800 Exception <a 'sun/nio/fs/WindowsException'> (0x00000000e3e19c18) thrown at [D:\src\AOSP-openjdk-cygwin\jdk8u\hotspot\src\share\vm\prims\jni.cpp, line 709]
Event: 4380.957 Thread 0x000000001f511000 Exception <a 'java/lang/NoSuchMethodError': <clinit>> (0x00000000e47540d0) thrown at [D:\src\AOSP-openjdk-cygwin\jdk8u\hotspot\src\share\vm\prims\jni.cpp, line 1613]
Event: 4381.422 Thread 0x000000001f511000 Exception <a 'java/lang/NoSuchMethodError': <clinit>> (0x00000000e479c770) thrown at [D:\src\AOSP-openjdk-cygwin\jdk8u\hotspot\src\share\vm\prims\jni.cpp, line 1613]
Event: 4381.964 Thread 0x000000001f511000 Exception <a 'java/lang/NoSuchMethodError': <clinit>> (0x00000000e4813970) thrown at [D:\src\AOSP-openjdk-cygwin\jdk8u\hotspot\src\share\vm\prims\jni.cpp, line 1613]
Event: 4381.964 Thread 0x000000001f511000 Exception <a 'java/lang/NoSuchMethodError': <clinit>> (0x00000000e48175c8) thrown at [D:\src\AOSP-openjdk-cygwin\jdk8u\hotspot\src\share\vm\prims\jni.cpp, line 1613]
Event: 4381.965 Thread 0x000000001f511000 Exception <a 'java/lang/NoSuchMethodError': <clinit>> (0x00000000e48190d0) thrown at [D:\src\AOSP-openjdk-cygwin\jdk8u\hotspot\src\share\vm\prims\jni.cpp, line 1613]
Event: 4383.818 Thread 0x000000001f511000 Exception <a 'java/lang/ClassNotFoundException': sync_local_repo943_4a65cnsywxe3lre6oqlr6wb4mBeanInfo> (0x00000000e49cf4b0) thrown at [D:\src\AOSP-openjdk-cygwin\jdk8u\hotspot\src\share\vm\classfile\systemDictionary.cpp, line 210]
Event: 4383.831 Thread 0x000000001f511000 Exception <a 'java/lang/ClassNotFoundException': sync_local_repo943_4a65cnsywxe3lre6oqlr6wb4mCustomizer> (0x00000000e49d9ac0) thrown at [D:\src\AOSP-openjdk-cygwin\jdk8u\hotspot\src\share\vm\classfile\systemDictionary.cpp, line 210]

Events (10 events):
Event: 4464.535 loading class org/gradle/api/internal/file/CompositeFileCollection$2
Event: 4464.535 loading class org/gradle/api/internal/file/CompositeFileCollection$2 done
Event: 4464.763 loading class org/gradle/api/internal/file/AbstractFileCollection$3
Event: 4464.763 loading class org/gradle/api/internal/file/AbstractFileCollection$3 done
Event: 4465.035 loading class org/gradle/internal/Transformers$ToStringTransformer
Event: 4465.035 loading class org/gradle/internal/Transformers$ToStringTransformer done
Event: 4465.421 loading class org/gradle/api/internal/tasks/compile/JavaCompilerArgumentsBuilder
Event: 4465.421 loading class org/gradle/api/internal/tasks/compile/JavaCompilerArgumentsBuilder done
Event: 4465.987 loading class org/gradle/api/internal/tasks/compile/JdkTools
Event: 4465.987 loading class org/gradle/api/internal/tasks/compile/JdkTools done


Dynamic libraries:
0x00007ff74ac90000 - 0x00007ff74acc1000 	C:\Program Files\Android\Android Studio\jre\bin\java.exe
0x00007ff8e9430000 - 0x00007ff8e9610000 	C:\WINDOWS\SYSTEM32\ntdll.dll
0x00007ff8e7720000 - 0x00007ff8e77ce000 	C:\WINDOWS\System32\KERNEL32.DLL
0x00007ff8e6670000 - 0x00007ff8e68d6000 	C:\WINDOWS\System32\KERNELBASE.dll
0x00007ff8e6900000 - 0x00007ff8e69a1000 	C:\WINDOWS\System32\ADVAPI32.dll
0x00007ff8e74f0000 - 0x00007ff8e758d000 	C:\WINDOWS\System32\msvcrt.dll
0x00007ff8e7170000 - 0x00007ff8e71cb000 	C:\WINDOWS\System32\sechost.dll
0x00007ff8e73d0000 - 0x00007ff8e74ef000 	C:\WINDOWS\System32\RPCRT4.dll
0x00007ff8e7590000 - 0x00007ff8e771f000 	C:\WINDOWS\System32\USER32.dll
0x00007ff8e68e0000 - 0x00007ff8e6900000 	C:\WINDOWS\System32\win32u.dll
0x00007ff8e7030000 - 0x00007ff8e7058000 	C:\WINDOWS\System32\GDI32.dll
0x00007ff8e5830000 - 0x00007ff8e59c3000 	C:\WINDOWS\System32\gdi32full.dll
0x00007ff8e6520000 - 0x00007ff8e65bb000 	C:\WINDOWS\System32\msvcp_win.dll
0x00007ff8e6170000 - 0x00007ff8e6266000 	C:\WINDOWS\System32\ucrtbase.dll
0x00007ff8d4250000 - 0x00007ff8d44b9000 	C:\WINDOWS\WinSxS\amd64_microsoft.windows.common-controls_6595b64144ccf1df_6.0.16299.309_none_15cfd4c4935e6b11\COMCTL32.dll
0x00007ff8e69b0000 - 0x00007ff8e6cb8000 	C:\WINDOWS\System32\combase.dll
0x00007ff8e6270000 - 0x00007ff8e62e2000 	C:\WINDOWS\System32\bcryptPrimitives.dll
0x00007ff8e6d60000 - 0x00007ff8e6d8d000 	C:\WINDOWS\System32\IMM32.DLL
0x0000000075de0000 - 0x0000000075eb2000 	C:\Program Files\Android\Android Studio\jre\jre\bin\msvcr100.dll
0x0000000075ec0000 - 0x00000000766fe000 	C:\Program Files\Android\Android Studio\jre\jre\bin\server\jvm.dll
0x00007ff8e6d50000 - 0x00007ff8e6d58000 	C:\WINDOWS\System32\PSAPI.DLL
0x00007ff8e2310000 - 0x00007ff8e2333000 	C:\WINDOWS\SYSTEM32\WINMM.dll
0x00007ff8d7ae0000 - 0x00007ff8d7aea000 	C:\WINDOWS\SYSTEM32\VERSION.dll
0x00007ff8d7cb0000 - 0x00007ff8d7cb9000 	C:\WINDOWS\SYSTEM32\WSOCK32.dll
0x00007ff8e92e0000 - 0x00007ff8e934c000 	C:\WINDOWS\System32\WS2_32.dll
0x00007ff8e22b0000 - 0x00007ff8e22da000 	C:\WINDOWS\SYSTEM32\WINMMBASE.dll
0x00007ff8e6120000 - 0x00007ff8e616a000 	C:\WINDOWS\System32\cfgmgr32.dll
0x00007ff8e1120000 - 0x00007ff8e112f000 	C:\Program Files\Android\Android Studio\jre\jre\bin\verify.dll
0x00007ff8d1f30000 - 0x00007ff8d1f59000 	C:\Program Files\Android\Android Studio\jre\jre\bin\java.dll
0x00007ff8d1f10000 - 0x00007ff8d1f26000 	C:\Program Files\Android\Android Studio\jre\jre\bin\zip.dll
0x00007ff8e7a50000 - 0x00007ff8e8e86000 	C:\WINDOWS\System32\SHELL32.dll
0x00007ff8e9350000 - 0x00007ff8e93f6000 	C:\WINDOWS\System32\shcore.dll
0x00007ff8e59d0000 - 0x00007ff8e6117000 	C:\WINDOWS\System32\windows.storage.dll
0x00007ff8e6d90000 - 0x00007ff8e6de1000 	C:\WINDOWS\System32\shlwapi.dll
0x00007ff8e57a0000 - 0x00007ff8e57b1000 	C:\WINDOWS\System32\kernel.appcore.dll
0x00007ff8e57c0000 - 0x00007ff8e580c000 	C:\WINDOWS\System32\powrprof.dll
0x00007ff8e5780000 - 0x00007ff8e579b000 	C:\WINDOWS\System32\profapi.dll
0x00007ff8d1bc0000 - 0x00007ff8d1bda000 	C:\Program Files\Android\Android Studio\jre\jre\bin\net.dll
0x00007ff8e4fb0000 - 0x00007ff8e5016000 	C:\WINDOWS\system32\mswsock.dll
0x00007ff8d1ba0000 - 0x00007ff8d1bb1000 	C:\Program Files\Android\Android Studio\jre\jre\bin\nio.dll
0x00007ff8cad00000 - 0x00007ff8cad1e000 	C:\Users\Asus\.gradle\native\25\windows-amd64\native-platform.dll
0x00007ff8db300000 - 0x00007ff8db30d000 	C:\Program Files\Android\Android Studio\jre\jre\bin\management.dll
0x00007ff8e5170000 - 0x00007ff8e5187000 	C:\WINDOWS\SYSTEM32\CRYPTSP.dll
0x00007ff8e4bb0000 - 0x00007ff8e4be3000 	C:\WINDOWS\system32\rsaenh.dll
0x00007ff8e5280000 - 0x00007ff8e52a5000 	C:\WINDOWS\SYSTEM32\bcrypt.dll
0x00007ff8e56b0000 - 0x00007ff8e56d9000 	C:\WINDOWS\SYSTEM32\USERENV.dll
0x00007ff8e5190000 - 0x00007ff8e519b000 	C:\WINDOWS\SYSTEM32\CRYPTBASE.dll
0x00007ff8e4d40000 - 0x00007ff8e4d79000 	C:\WINDOWS\SYSTEM32\IPHLPAPI.DLL
0x00007ff8e6cc0000 - 0x00007ff8e6cc8000 	C:\WINDOWS\System32\NSI.dll
0x00007ff8df140000 - 0x00007ff8df156000 	C:\WINDOWS\SYSTEM32\dhcpcsvc6.DLL
0x00007ff8e0610000 - 0x00007ff8e062a000 	C:\WINDOWS\SYSTEM32\dhcpcsvc.DLL
0x00007ff8e48a0000 - 0x00007ff8e48d1000 	C:\WINDOWS\SYSTEM32\ntmarta.dll
0x00007ff8c7e70000 - 0x00007ff8c7e94000 	C:\Program Files\Android\Android Studio\jre\jre\bin\sunec.dll
0x00007ff8e4d80000 - 0x00007ff8e4e36000 	C:\WINDOWS\SYSTEM32\DNSAPI.dll
0x00007ff8d8a50000 - 0x00007ff8d8a5a000 	C:\Windows\System32\rasadhlp.dll
0x00007ff8d8e60000 - 0x00007ff8d8ed0000 	C:\WINDOWS\System32\fwpuclnt.dll
0x00007ff8d65b0000 - 0x00007ff8d65bb000 	C:\Program Files\Android\Android Studio\jre\jre\bin\sunmscapi.dll
0x00007ff8e6350000 - 0x00007ff8e651e000 	C:\WINDOWS\System32\CRYPT32.dll
0x00007ff8e5810000 - 0x00007ff8e5822000 	C:\WINDOWS\System32\MSASN1.dll

VM Arguments:
jvm_args: -Xmx1536m -Dfile.encoding=windows-1252 -Duser.country=US -Duser.language=en -Duser.variant 
java_command: org.gradle.launcher.daemon.bootstrap.GradleDaemon 4.1
java_class_path (initial): C:\Users\Asus\.gradle\wrapper\dists\gradle-4.1-all\bzyivzo6n839fup2jbap0tjew\gradle-4.1\lib\gradle-launcher-4.1.jar
Launcher Type: SUN_STANDARD

Environment Variables:
PATH=C:\ProgramData\Oracle\Java\javapath;C:\WINDOWS\system32;C:\WINDOWS;C:\WINDOWS\System32\Wbem;C:\WINDOWS\System32\WindowsPowerShell\v1.0\;C:\Program Files\PuTTY\;C:\Program Files\Git\cmd;C:\Users\Asus\AppData\Local\Microsoft\WindowsApps;
USERNAME=Asus
OS=Windows_NT
PROCESSOR_IDENTIFIER=Intel64 Family 6 Model 78 Stepping 3, GenuineIntel



---------------  S Y S T E M  ---------------

OS: Windows 10.0 , 64 bit Build 16299 (10.0.16299.15)

CPU:total 4 (initial active 4) (2 cores per cpu, 2 threads per core) family 6 model 78 stepping 3, cmov, cx8, fxsr, mmx, sse, sse2, sse3, ssse3, sse4.1, sse4.2, popcnt, avx, avx2, aes, clmul, erms, 3dnowpref, lzcnt, ht, tsc, tscinvbit, bmi1, bmi2, adx

Memory: 4k page, physical 4073144k(298080k free), swap 8349864k(12868k free)

vm_info: OpenJDK 64-Bit Server VM (25.152-b01) for windows-amd64 JRE (1.8.0_152-release-915-b01), built by "builder" with MS VC++ 10.0 (VS2010)

time: Sun Mar 25 16:41:33 2018
elapsed time: 4470 seconds (0d 1h 14m 30s)

